  CppMiniGame.cpp
C:\Users\Isomorphism\Documents\Repos\CppMiniGame\CppMiniGame\CppMiniGame.cpp(115,31): warning C4018: '>': signed/unsigned mismatch
C:\Users\Isomorphism\Documents\Repos\CppMiniGame\CppMiniGame\CppMiniGame.cpp(115,52): warning C4018: '>': signed/unsigned mismatch
C:\Users\Isomorphism\Documents\Repos\CppMiniGame\CppMiniGame\CppMiniGame.cpp(231,20): warning C4018: '<': signed/unsigned mismatch
C:\Users\Isomorphism\Documents\Repos\CppMiniGame\CppMiniGame\CppMiniGame.cpp(269,9): warning C4566: character represented by universal-character-name '\u2588' cannot be represented in the current code page (1252)
C:\Users\Isomorphism\Documents\Repos\CppMiniGame\CppMiniGame\CppMiniGame.cpp(269,9): warning C4566: character represented by universal-character-name '\u2557' cannot be represented in the current code page (1252)
C:\Users\Isomorphism\Documents\Repos\CppMiniGame\CppMiniGame\CppMiniGame.cpp(270,9): warning C4566: character represented by universal-character-name '\u255A' cannot be represented in the current code page (1252)
C:\Users\Isomorphism\Documents\Repos\CppMiniGame\CppMiniGame\CppMiniGame.cpp(270,9): warning C4566: character represented by universal-character-name '\u2588' cannot be represented in the current code page (1252)
C:\Users\Isomorphism\Documents\Repos\CppMiniGame\CppMiniGame\CppMiniGame.cpp(270,9): warning C4566: character represented by universal-character-name '\u2557' cannot be represented in the current code page (1252)
C:\Users\Isomorphism\Documents\Repos\CppMiniGame\CppMiniGame\CppMiniGame.cpp(270,9): warning C4566: character represented by universal-character-name '\u2554' cannot be represented in the current code page (1252)
C:\Users\Isomorphism\Documents\Repos\CppMiniGame\CppMiniGame\CppMiniGame.cpp(270,9): warning C4566: character represented by universal-character-name '\u255D' cannot be represented in the current code page (1252)
C:\Users\Isomorphism\Documents\Repos\CppMiniGame\CppMiniGame\CppMiniGame.cpp(270,9): warning C4566: character represented by universal-character-name '\u2550' cannot be represented in the current code page (1252)
C:\Users\Isomorphism\Documents\Repos\CppMiniGame\CppMiniGame\CppMiniGame.cpp(270,9): warning C4566: character represented by universal-character-name '\u2551' cannot be represented in the current code page (1252)
C:\Users\Isomorphism\Documents\Repos\CppMiniGame\CppMiniGame\CppMiniGame.cpp(271,9): warning C4566: character represented by universal-character-name '\u255A' cannot be represented in the current code page (1252)
C:\Users\Isomorphism\Documents\Repos\CppMiniGame\CppMiniGame\CppMiniGame.cpp(271,9): warning C4566: character represented by universal-character-name '\u2588' cannot be represented in the current code page (1252)
C:\Users\Isomorphism\Documents\Repos\CppMiniGame\CppMiniGame\CppMiniGame.cpp(271,9): warning C4566: character represented by universal-character-name '\u2554' cannot be represented in the current code page (1252)
C:\Users\Isomorphism\Documents\Repos\CppMiniGame\CppMiniGame\CppMiniGame.cpp(271,9): warning C4566: character represented by universal-character-name '\u255D' cannot be represented in the current code page (1252)
C:\Users\Isomorphism\Documents\Repos\CppMiniGame\CppMiniGame\CppMiniGame.cpp(271,9): warning C4566: character represented by universal-character-name '\u2551' cannot be represented in the current code page (1252)
C:\Users\Isomorphism\Documents\Repos\CppMiniGame\CppMiniGame\CppMiniGame.cpp(271,9): warning C4566: character represented by universal-character-name '\u2557' cannot be represented in the current code page (1252)
C:\Users\Isomorphism\Documents\Repos\CppMiniGame\CppMiniGame\CppMiniGame.cpp(272,9): warning C4566: character represented by universal-character-name '\u255A' cannot be represented in the current code page (1252)
C:\Users\Isomorphism\Documents\Repos\CppMiniGame\CppMiniGame\CppMiniGame.cpp(272,9): warning C4566: character represented by universal-character-name '\u2588' cannot be represented in the current code page (1252)
C:\Users\Isomorphism\Documents\Repos\CppMiniGame\CppMiniGame\CppMiniGame.cpp(272,9): warning C4566: character represented by universal-character-name '\u2554' cannot be represented in the current code page (1252)
C:\Users\Isomorphism\Documents\Repos\CppMiniGame\CppMiniGame\CppMiniGame.cpp(272,9): warning C4566: character represented by universal-character-name '\u255D' cannot be represented in the current code page (1252)
C:\Users\Isomorphism\Documents\Repos\CppMiniGame\CppMiniGame\CppMiniGame.cpp(272,9): warning C4566: character represented by universal-character-name '\u2551' cannot be represented in the current code page (1252)
C:\Users\Isomorphism\Documents\Repos\CppMiniGame\CppMiniGame\CppMiniGame.cpp(272,9): warning C4566: character represented by universal-character-name '\u2550' cannot be represented in the current code page (1252)
C:\Users\Isomorphism\Documents\Repos\CppMiniGame\CppMiniGame\CppMiniGame.cpp(273,9): warning C4566: character represented by universal-character-name '\u2588' cannot be represented in the current code page (1252)
C:\Users\Isomorphism\Documents\Repos\CppMiniGame\CppMiniGame\CppMiniGame.cpp(273,9): warning C4566: character represented by universal-character-name '\u2551' cannot be represented in the current code page (1252)
C:\Users\Isomorphism\Documents\Repos\CppMiniGame\CppMiniGame\CppMiniGame.cpp(273,9): warning C4566: character represented by universal-character-name '\u255A' cannot be represented in the current code page (1252)
C:\Users\Isomorphism\Documents\Repos\CppMiniGame\CppMiniGame\CppMiniGame.cpp(273,9): warning C4566: character represented by universal-character-name '\u2554' cannot be represented in the current code page (1252)
C:\Users\Isomorphism\Documents\Repos\CppMiniGame\CppMiniGame\CppMiniGame.cpp(273,9): warning C4566: character represented by universal-character-name '\u255D' cannot be represented in the current code page (1252)
C:\Users\Isomorphism\Documents\Repos\CppMiniGame\CppMiniGame\CppMiniGame.cpp(273,9): warning C4566: character represented by universal-character-name '\u2557' cannot be represented in the current code page (1252)
C:\Users\Isomorphism\Documents\Repos\CppMiniGame\CppMiniGame\CppMiniGame.cpp(274,9): warning C4566: character represented by universal-character-name '\u255A' cannot be represented in the current code page (1252)
C:\Users\Isomorphism\Documents\Repos\CppMiniGame\CppMiniGame\CppMiniGame.cpp(274,9): warning C4566: character represented by universal-character-name '\u2550' cannot be represented in the current code page (1252)
C:\Users\Isomorphism\Documents\Repos\CppMiniGame\CppMiniGame\CppMiniGame.cpp(274,9): warning C4566: character represented by universal-character-name '\u255D' cannot be represented in the current code page (1252)
  Generating code
  1 of 260 functions ( 0.4%) were compiled, the rest were copied from previous compilation.
    0 functions were new in current compilation
    1 functions had inline decision re-evaluated but remain unchanged
  Finished generating code
  CppMiniGame.vcxproj -> C:\Users\Isomorphism\Documents\Repos\CppMiniGame\Release\cpphackgame.exe
