  CppMiniGame.cpp
C:\Users\Isomorphism\source\repos\CppMiniGame\CppMiniGame\CppMiniGame.cpp(115,31): warning C4018: '>': signed/unsigned mismatch
C:\Users\Isomorphism\source\repos\CppMiniGame\CppMiniGame\CppMiniGame.cpp(115,52): warning C4018: '>': signed/unsigned mismatch
C:\Users\Isomorphism\source\repos\CppMiniGame\CppMiniGame\CppMiniGame.cpp(227,20): warning C4018: '<': signed/unsigned mismatch
C:\Users\Isomorphism\source\repos\CppMiniGame\CppMiniGame\CppMiniGame.cpp(263,9): warning C4566: character represented by universal-character-name '\u2588' cannot be represented in the current code page (1252)
C:\Users\Isomorphism\source\repos\CppMiniGame\CppMiniGame\CppMiniGame.cpp(263,9): warning C4566: character represented by universal-character-name '\u2557' cannot be represented in the current code page (1252)
C:\Users\Isomorphism\source\repos\CppMiniGame\CppMiniGame\CppMiniGame.cpp(264,9): warning C4566: character represented by universal-character-name '\u255A' cannot be represented in the current code page (1252)
C:\Users\Isomorphism\source\repos\CppMiniGame\CppMiniGame\CppMiniGame.cpp(264,9): warning C4566: character represented by universal-character-name '\u2588' cannot be represented in the current code page (1252)
C:\Users\Isomorphism\source\repos\CppMiniGame\CppMiniGame\CppMiniGame.cpp(264,9): warning C4566: character represented by universal-character-name '\u2557' cannot be represented in the current code page (1252)
C:\Users\Isomorphism\source\repos\CppMiniGame\CppMiniGame\CppMiniGame.cpp(264,9): warning C4566: character represented by universal-character-name '\u2554' cannot be represented in the current code page (1252)
C:\Users\Isomorphism\source\repos\CppMiniGame\CppMiniGame\CppMiniGame.cpp(264,9): warning C4566: character represented by universal-character-name '\u255D' cannot be represented in the current code page (1252)
C:\Users\Isomorphism\source\repos\CppMiniGame\CppMiniGame\CppMiniGame.cpp(264,9): warning C4566: character represented by universal-character-name '\u2550' cannot be represented in the current code page (1252)
C:\Users\Isomorphism\source\repos\CppMiniGame\CppMiniGame\CppMiniGame.cpp(264,9): warning C4566: character represented by universal-character-name '\u2551' cannot be represented in the current code page (1252)
C:\Users\Isomorphism\source\repos\CppMiniGame\CppMiniGame\CppMiniGame.cpp(265,9): warning C4566: character represented by universal-character-name '\u255A' cannot be represented in the current code page (1252)
C:\Users\Isomorphism\source\repos\CppMiniGame\CppMiniGame\CppMiniGame.cpp(265,9): warning C4566: character represented by universal-character-name '\u2588' cannot be represented in the current code page (1252)
C:\Users\Isomorphism\source\repos\CppMiniGame\CppMiniGame\CppMiniGame.cpp(265,9): warning C4566: character represented by universal-character-name '\u2554' cannot be represented in the current code page (1252)
C:\Users\Isomorphism\source\repos\CppMiniGame\CppMiniGame\CppMiniGame.cpp(265,9): warning C4566: character represented by universal-character-name '\u255D' cannot be represented in the current code page (1252)
C:\Users\Isomorphism\source\repos\CppMiniGame\CppMiniGame\CppMiniGame.cpp(265,9): warning C4566: character represented by universal-character-name '\u2551' cannot be represented in the current code page (1252)
C:\Users\Isomorphism\source\repos\CppMiniGame\CppMiniGame\CppMiniGame.cpp(265,9): warning C4566: character represented by universal-character-name '\u2557' cannot be represented in the current code page (1252)
C:\Users\Isomorphism\source\repos\CppMiniGame\CppMiniGame\CppMiniGame.cpp(266,9): warning C4566: character represented by universal-character-name '\u255A' cannot be represented in the current code page (1252)
C:\Users\Isomorphism\source\repos\CppMiniGame\CppMiniGame\CppMiniGame.cpp(266,9): warning C4566: character represented by universal-character-name '\u2588' cannot be represented in the current code page (1252)
C:\Users\Isomorphism\source\repos\CppMiniGame\CppMiniGame\CppMiniGame.cpp(266,9): warning C4566: character represented by universal-character-name '\u2554' cannot be represented in the current code page (1252)
C:\Users\Isomorphism\source\repos\CppMiniGame\CppMiniGame\CppMiniGame.cpp(266,9): warning C4566: character represented by universal-character-name '\u255D' cannot be represented in the current code page (1252)
C:\Users\Isomorphism\source\repos\CppMiniGame\CppMiniGame\CppMiniGame.cpp(266,9): warning C4566: character represented by universal-character-name '\u2551' cannot be represented in the current code page (1252)
C:\Users\Isomorphism\source\repos\CppMiniGame\CppMiniGame\CppMiniGame.cpp(266,9): warning C4566: character represented by universal-character-name '\u2550' cannot be represented in the current code page (1252)
C:\Users\Isomorphism\source\repos\CppMiniGame\CppMiniGame\CppMiniGame.cpp(267,9): warning C4566: character represented by universal-character-name '\u2588' cannot be represented in the current code page (1252)
C:\Users\Isomorphism\source\repos\CppMiniGame\CppMiniGame\CppMiniGame.cpp(267,9): warning C4566: character represented by universal-character-name '\u2551' cannot be represented in the current code page (1252)
C:\Users\Isomorphism\source\repos\CppMiniGame\CppMiniGame\CppMiniGame.cpp(267,9): warning C4566: character represented by universal-character-name '\u255A' cannot be represented in the current code page (1252)
C:\Users\Isomorphism\source\repos\CppMiniGame\CppMiniGame\CppMiniGame.cpp(267,9): warning C4566: character represented by universal-character-name '\u2554' cannot be represented in the current code page (1252)
C:\Users\Isomorphism\source\repos\CppMiniGame\CppMiniGame\CppMiniGame.cpp(267,9): warning C4566: character represented by universal-character-name '\u255D' cannot be represented in the current code page (1252)
C:\Users\Isomorphism\source\repos\CppMiniGame\CppMiniGame\CppMiniGame.cpp(267,9): warning C4566: character represented by universal-character-name '\u2557' cannot be represented in the current code page (1252)
C:\Users\Isomorphism\source\repos\CppMiniGame\CppMiniGame\CppMiniGame.cpp(268,9): warning C4566: character represented by universal-character-name '\u255A' cannot be represented in the current code page (1252)
C:\Users\Isomorphism\source\repos\CppMiniGame\CppMiniGame\CppMiniGame.cpp(268,9): warning C4566: character represented by universal-character-name '\u2550' cannot be represented in the current code page (1252)
C:\Users\Isomorphism\source\repos\CppMiniGame\CppMiniGame\CppMiniGame.cpp(268,9): warning C4566: character represented by universal-character-name '\u255D' cannot be represented in the current code page (1252)
C:\Users\Isomorphism\source\repos\CppMiniGame\CppMiniGame\CppMiniGame.cpp(105): warning C4715: 'parse_command': not all control paths return a value
  CppMiniGame.vcxproj -> C:\Users\Isomorphism\source\repos\CppMiniGame\Debug\CppMiniGame.exe
